This file contains any messages produced by compilers while
running configure, to aid debugging if configure makes a mistake.

It was created by lsscsi configure 0.26, which was
generated by GNU Autoconf 2.68.  Invocation command line was

  $ ./configure 

## --------- ##
## Platform. ##
## --------- ##

hostname = casey
uname -m = x86_64
uname -r = 3.2.0-2-amd64
uname -s = Linux
uname -v = #1 SMP Sun Mar 4 22:48:17 UTC 2012

/usr/bin/uname -p = unknown
/bin/uname -X     = unknown

/bin/arch              = unknown
/usr/bin/arch -k       = unknown
/usr/convex/getsysinfo = unknown
/usr/bin/hostinfo      = unknown
/bin/machine           = unknown
/usr/bin/oslevel       = unknown
/bin/universe          = unknown

PATH: /usr/local/bin
PATH: /usr/bin
PATH: /bin
PATH: /usr/local/games
PATH: /usr/games


## ----------- ##
## Core tests. ##
## ----------- ##

configure:1811: checking for a BSD-compatible install
configure:1879: result: /usr/bin/install -c
configure:1890: checking whether build environment is sane
configure:1940: result: yes
configure:2081: checking for a thread-safe mkdir -p
configure:2120: result: /bin/mkdir -p
configure:2133: checking for gawk
configure:2149: found /usr/bin/gawk
configure:2160: result: gawk
configure:2171: checking whether make sets $(MAKE)
configure:2193: result: yes
configure:2274: checking whether to enable maintainer-specific portions of Makefiles
configure:2283: result: no
configure:2347: checking for gcc
configure:2363: found /usr/bin/gcc
configure:2374: result: gcc
configure:2603: checking for C compiler version
configure:2612: gcc --version >&5
gcc (Debian 4.6.3-1) 4.6.3
Copyright (C) 2011 Free Software Foundation, Inc.
This is free software; see the source for copying conditions.  There is NO
warranty; not even for MERCHANTABILITY or FITNESS FOR A PARTICULAR PURPOSE.

configure:2623: $? = 0
configure:2612: gcc -v >&5
Using built-in specs.
COLLECT_GCC=gcc
COLLECT_LTO_WRAPPER=/usr/lib/gcc/x86_64-linux-gnu/4.6/lto-wrapper
Target: x86_64-linux-gnu
Configured with: ../src/configure -v --with-pkgversion='Debian 4.6.3-1' --with-bugurl=file:///usr/share/doc/gcc-4.6/README.Bugs --enable-languages=c,c++,fortran,objc,obj-c++,go --prefix=/usr --program-suffix=-4.6 --enable-shared --enable-linker-build-id --with-system-zlib --libexecdir=/usr/lib --without-included-gettext --enable-threads=posix --with-gxx-include-dir=/usr/include/c++/4.6 --libdir=/usr/lib --enable-nls --with-sysroot=/ --enable-clocale=gnu --enable-libstdcxx-debug --enable-libstdcxx-time=yes --enable-plugin --enable-objc-gc --with-arch-32=i586 --with-tune=generic --enable-checking=release --build=x86_64-linux-gnu --host=x86_64-linux-gnu --target=x86_64-linux-gnu
Thread model: posix
gcc version 4.6.3 (Debian 4.6.3-1) 
configure:2623: $? = 0
configure:2612: gcc -V >&5
gcc: error: unrecognized option '-V'
gcc: fatal error: no input files
compilation terminated.
configure:2623: $? = 4
configure:2612: gcc -qversion >&5
gcc: error: unrecognized option '-qversion'
gcc: fatal error: no input files
compilation terminated.
configure:2623: $? = 4
configure:2643: checking whether the C compiler works
configure:2665: gcc    conftest.c  >&5
configure:2669: $? = 0
configure:2717: result: yes
configure:2720: checking for C compiler default output file name
configure:2722: result: a.out
configure:2728: checking for suffix of executables
configure:2735: gcc -o conftest    conftest.c  >&5
configure:2739: $? = 0
configure:2761: result: 
configure:2783: checking whether we are cross compiling
configure:2791: gcc -o conftest    conftest.c  >&5
configure:2795: $? = 0
configure:2802: ./conftest
configure:2806: $? = 0
configure:2821: result: no
configure:2826: checking for suffix of object files
configure:2848: gcc -c   conftest.c >&5
configure:2852: $? = 0
configure:2873: result: o
configure:2877: checking whether we are using the GNU C compiler
configure:2896: gcc -c   conftest.c >&5
configure:2896: $? = 0
configure:2905: result: yes
configure:2914: checking whether gcc accepts -g
configure:2934: gcc -c -g  conftest.c >&5
configure:2934: $? = 0
configure:2975: result: yes
configure:2992: checking for gcc option to accept ISO C89
configure:3056: gcc  -c -g -O2  conftest.c >&5
configure:3056: $? = 0
configure:3069: result: none needed
configure:3100: checking for style of include used by make
configure:3128: result: GNU
configure:3154: checking dependency style of gcc
configure:3265: result: gcc3
configure:3418: creating ./config.status

## ---------------------- ##
## Running config.status. ##
## ---------------------- ##

This file was extended by lsscsi config.status 0.26, which was
generated by GNU Autoconf 2.68.  Invocation command line was

  CONFIG_FILES    = 
  CONFIG_HEADERS  = 
  CONFIG_LINKS    = 
  CONFIG_COMMANDS = 
  $ ./config.status 

on casey

config.status:852: creating Makefile
config.status:852: creating src/Makefile
config.status:852: creating doc/Makefile
config.status:852: creating config.h
config.status:1081: executing depfiles commands

## ---------------- ##
## Cache variables. ##
## ---------------- ##

ac_cv_c_compiler_gnu=yes
ac_cv_env_CC_set=
ac_cv_env_CC_value=
ac_cv_env_CFLAGS_set=
ac_cv_env_CFLAGS_value=
ac_cv_env_CPPFLAGS_set=
ac_cv_env_CPPFLAGS_value=
ac_cv_env_LDFLAGS_set=
ac_cv_env_LDFLAGS_value=
ac_cv_env_LIBS_set=
ac_cv_env_LIBS_value=
ac_cv_env_build_alias_set=
ac_cv_env_build_alias_value=
ac_cv_env_host_alias_set=
ac_cv_env_host_alias_value=
ac_cv_env_target_alias_set=
ac_cv_env_target_alias_value=
ac_cv_objext=o
ac_cv_path_install='/usr/bin/install -c'
ac_cv_path_mkdir=/bin/mkdir
ac_cv_prog_AWK=gawk
ac_cv_prog_ac_ct_CC=gcc
ac_cv_prog_cc_c89=
ac_cv_prog_cc_g=yes
ac_cv_prog_make_make_set=yes
am_cv_CC_dependencies_compiler_type=gcc3

## ----------------- ##
## Output variables. ##
## ----------------- ##

ACLOCAL='${SHELL} /home/geoff/Projects/armt/utils/lsscsi/missing --run aclocal-1.11'
AMDEPBACKSLASH='\'
AMDEP_FALSE='#'
AMDEP_TRUE=''
AMTAR='$${TAR-tar}'
AUTOCONF='${SHELL} /home/geoff/Projects/armt/utils/lsscsi/missing --run autoconf'
AUTOHEADER='${SHELL} /home/geoff/Projects/armt/utils/lsscsi/missing --run autoheader'
AUTOMAKE='${SHELL} /home/geoff/Projects/armt/utils/lsscsi/missing --run automake-1.11'
AWK='gawk'
CC='gcc'
CCDEPMODE='depmode=gcc3'
CFLAGS='-g -O2'
CPPFLAGS=''
CYGPATH_W='echo'
DEFS='-DHAVE_CONFIG_H'
DEPDIR='.deps'
ECHO_C=''
ECHO_N='-n'
ECHO_T=''
EXEEXT=''
INSTALL_DATA='${INSTALL} -m 644'
INSTALL_PROGRAM='${INSTALL}'
INSTALL_SCRIPT='${INSTALL}'
INSTALL_STRIP_PROGRAM='$(install_sh) -c -s'
LDFLAGS=''
LIBOBJS=''
LIBS=''
LTLIBOBJS=''
MAINT='#'
MAINTAINER_MODE_FALSE=''
MAINTAINER_MODE_TRUE='#'
MAKEINFO='${SHELL} /home/geoff/Projects/armt/utils/lsscsi/missing --run makeinfo'
MKDIR_P='/bin/mkdir -p'
OBJEXT='o'
PACKAGE='lsscsi'
PACKAGE_BUGREPORT='dgilbert@interlog.com'
PACKAGE_NAME='lsscsi'
PACKAGE_STRING='lsscsi 0.26'
PACKAGE_TARNAME='lsscsi'
PACKAGE_URL=''
PACKAGE_VERSION='0.26'
PATH_SEPARATOR=':'
SET_MAKE=''
SHELL='/bin/bash'
STRIP=''
VERSION='0.26'
ac_ct_CC='gcc'
am__EXEEXT_FALSE=''
am__EXEEXT_TRUE='#'
am__fastdepCC_FALSE='#'
am__fastdepCC_TRUE=''
am__include='include'
am__isrc=''
am__leading_dot='.'
am__nodep='_no'
am__quote=''
am__tar='$${TAR-tar} chof - "$$tardir"'
am__untar='$${TAR-tar} xf -'
bindir='${exec_prefix}/bin'
build_alias=''
datadir='${datarootdir}'
datarootdir='${prefix}/share'
docdir='${datarootdir}/doc/${PACKAGE_TARNAME}'
dvidir='${docdir}'
exec_prefix='${prefix}'
host_alias=''
htmldir='${docdir}'
includedir='${prefix}/include'
infodir='${datarootdir}/info'
install_sh='${SHELL} /home/geoff/Projects/armt/utils/lsscsi/install-sh'
libdir='${exec_prefix}/lib'
libexecdir='${exec_prefix}/libexec'
localedir='${datarootdir}/locale'
localstatedir='${prefix}/var'
mandir='${datarootdir}/man'
mkdir_p='/bin/mkdir -p'
oldincludedir='/usr/include'
pdfdir='${docdir}'
prefix='/usr/local'
program_transform_name='s,x,x,'
psdir='${docdir}'
sbindir='${exec_prefix}/sbin'
sharedstatedir='${prefix}/com'
sysconfdir='${prefix}/etc'
target_alias=''

## ----------- ##
## confdefs.h. ##
## ----------- ##

/* confdefs.h */
#define PACKAGE_NAME "lsscsi"
#define PACKAGE_TARNAME "lsscsi"
#define PACKAGE_VERSION "0.26"
#define PACKAGE_STRING "lsscsi 0.26"
#define PACKAGE_BUGREPORT "dgilbert@interlog.com"
#define PACKAGE_URL ""
#define PACKAGE "lsscsi"
#define VERSION "0.26"

configure: exit 0
