This file contains any messages produced by compilers while
running configure, to aid debugging if configure makes a mistake.

It was created by cciss_vol_status configure 1.10, which was
generated by GNU Autoconf 2.68.  Invocation command line was

  $ ./configure --no-create --no-recursion

## --------- ##
## Platform. ##
## --------- ##

hostname = casey
uname -m = x86_64
uname -r = 3.2.0-2-amd64
uname -s = Linux
uname -v = #1 SMP Sun Mar 4 22:48:17 UTC 2012

/usr/bin/uname -p = unknown
/bin/uname -X     = unknown

/bin/arch              = unknown
/usr/bin/arch -k       = unknown
/usr/convex/getsysinfo = unknown
/usr/bin/hostinfo      = unknown
/bin/machine           = unknown
/usr/bin/oslevel       = unknown
/bin/universe          = unknown

PATH: /usr/local/bin
PATH: /usr/bin
PATH: /bin
PATH: /usr/local/games
PATH: /usr/games


## ----------- ##
## Core tests. ##
## ----------- ##

configure:2166: checking for a BSD-compatible install
configure:2234: result: /usr/bin/install -c
configure:2245: checking whether build environment is sane
configure:2295: result: yes
configure:2436: checking for a thread-safe mkdir -p
configure:2475: result: /bin/mkdir -p
configure:2488: checking for gawk
configure:2504: found /usr/bin/gawk
configure:2515: result: gawk
configure:2526: checking whether make sets $(MAKE)
configure:2548: result: yes
configure:2677: checking for gcc
configure:2693: found /usr/bin/gcc
configure:2704: result: gcc
configure:2933: checking for C compiler version
configure:2942: gcc --version >&5
gcc (Debian 4.6.3-1) 4.6.3
Copyright (C) 2011 Free Software Foundation, Inc.
This is free software; see the source for copying conditions.  There is NO
warranty; not even for MERCHANTABILITY or FITNESS FOR A PARTICULAR PURPOSE.

configure:2953: $? = 0
configure:2942: gcc -v >&5
Using built-in specs.
COLLECT_GCC=gcc
COLLECT_LTO_WRAPPER=/usr/lib/gcc/x86_64-linux-gnu/4.6/lto-wrapper
Target: x86_64-linux-gnu
Configured with: ../src/configure -v --with-pkgversion='Debian 4.6.3-1' --with-bugurl=file:///usr/share/doc/gcc-4.6/README.Bugs --enable-languages=c,c++,fortran,objc,obj-c++,go --prefix=/usr --program-suffix=-4.6 --enable-shared --enable-linker-build-id --with-system-zlib --libexecdir=/usr/lib --without-included-gettext --enable-threads=posix --with-gxx-include-dir=/usr/include/c++/4.6 --libdir=/usr/lib --enable-nls --with-sysroot=/ --enable-clocale=gnu --enable-libstdcxx-debug --enable-libstdcxx-time=yes --enable-plugin --enable-objc-gc --with-arch-32=i586 --with-tune=generic --enable-checking=release --build=x86_64-linux-gnu --host=x86_64-linux-gnu --target=x86_64-linux-gnu
Thread model: posix
gcc version 4.6.3 (Debian 4.6.3-1) 
configure:2953: $? = 0
configure:2942: gcc -V >&5
gcc: error: unrecognized option '-V'
gcc: fatal error: no input files
compilation terminated.
configure:2953: $? = 4
configure:2942: gcc -qversion >&5
gcc: error: unrecognized option '-qversion'
gcc: fatal error: no input files
compilation terminated.
configure:2953: $? = 4
configure:2973: checking whether the C compiler works
configure:2995: gcc    conftest.c  >&5
configure:2999: $? = 0
configure:3047: result: yes
configure:3050: checking for C compiler default output file name
configure:3052: result: a.out
configure:3058: checking for suffix of executables
configure:3065: gcc -o conftest    conftest.c  >&5
configure:3069: $? = 0
configure:3091: result: 
configure:3113: checking whether we are cross compiling
configure:3121: gcc -o conftest    conftest.c  >&5
configure:3125: $? = 0
configure:3132: ./conftest
configure:3136: $? = 0
configure:3151: result: no
configure:3156: checking for suffix of object files
configure:3178: gcc -c   conftest.c >&5
configure:3182: $? = 0
configure:3203: result: o
configure:3207: checking whether we are using the GNU C compiler
configure:3226: gcc -c   conftest.c >&5
configure:3226: $? = 0
configure:3235: result: yes
configure:3244: checking whether gcc accepts -g
configure:3264: gcc -c -g  conftest.c >&5
configure:3264: $? = 0
configure:3305: result: yes
configure:3322: checking for gcc option to accept ISO C89
configure:3386: gcc  -c -g -O2  conftest.c >&5
configure:3386: $? = 0
configure:3399: result: none needed
configure:3430: checking for style of include used by make
configure:3458: result: GNU
configure:3484: checking dependency style of gcc
configure:3595: result: gcc3
configure:3620: checking how to run the C preprocessor
configure:3651: gcc -E  conftest.c
configure:3651: $? = 0
configure:3665: gcc -E  conftest.c
conftest.c:11:28: fatal error: ac_nonexistent.h: No such file or directory
compilation terminated.
configure:3665: $? = 1
configure: failed program was:
| /* confdefs.h */
| #define PACKAGE_NAME "cciss_vol_status"
| #define PACKAGE_TARNAME "cciss_vol_status"
| #define PACKAGE_VERSION "1.10"
| #define PACKAGE_STRING "cciss_vol_status 1.10"
| #define PACKAGE_BUGREPORT "smcameron@users.sourceforge.net"
| #define PACKAGE_URL ""
| #define PACKAGE "cciss_vol_status"
| #define VERSION "1.10"
| /* end confdefs.h.  */
| #include <ac_nonexistent.h>
configure:3690: result: gcc -E
configure:3710: gcc -E  conftest.c
configure:3710: $? = 0
configure:3724: gcc -E  conftest.c
conftest.c:11:28: fatal error: ac_nonexistent.h: No such file or directory
compilation terminated.
configure:3724: $? = 1
configure: failed program was:
| /* confdefs.h */
| #define PACKAGE_NAME "cciss_vol_status"
| #define PACKAGE_TARNAME "cciss_vol_status"
| #define PACKAGE_VERSION "1.10"
| #define PACKAGE_STRING "cciss_vol_status 1.10"
| #define PACKAGE_BUGREPORT "smcameron@users.sourceforge.net"
| #define PACKAGE_URL ""
| #define PACKAGE "cciss_vol_status"
| #define VERSION "1.10"
| /* end confdefs.h.  */
| #include <ac_nonexistent.h>
configure:3753: checking for grep that handles long lines and -e
configure:3811: result: /bin/grep
configure:3816: checking for egrep
configure:3878: result: /bin/grep -E
configure:3883: checking for ANSI C header files
configure:3903: gcc -c -g -O2  conftest.c >&5
configure:3903: $? = 0
configure:3976: gcc -o conftest -g -O2   conftest.c  >&5
configure:3976: $? = 0
configure:3976: ./conftest
configure:3976: $? = 0
configure:3987: result: yes
configure:4000: checking for sys/types.h
configure:4000: gcc -c -g -O2  conftest.c >&5
configure:4000: $? = 0
configure:4000: result: yes
configure:4000: checking for sys/stat.h
configure:4000: gcc -c -g -O2  conftest.c >&5
configure:4000: $? = 0
configure:4000: result: yes
configure:4000: checking for stdlib.h
configure:4000: gcc -c -g -O2  conftest.c >&5
configure:4000: $? = 0
configure:4000: result: yes
configure:4000: checking for string.h
configure:4000: gcc -c -g -O2  conftest.c >&5
configure:4000: $? = 0
configure:4000: result: yes
configure:4000: checking for memory.h
configure:4000: gcc -c -g -O2  conftest.c >&5
configure:4000: $? = 0
configure:4000: result: yes
configure:4000: checking for strings.h
configure:4000: gcc -c -g -O2  conftest.c >&5
configure:4000: $? = 0
configure:4000: result: yes
configure:4000: checking for inttypes.h
configure:4000: gcc -c -g -O2  conftest.c >&5
configure:4000: $? = 0
configure:4000: result: yes
configure:4000: checking for stdint.h
configure:4000: gcc -c -g -O2  conftest.c >&5
configure:4000: $? = 0
configure:4000: result: yes
configure:4000: checking for unistd.h
configure:4000: gcc -c -g -O2  conftest.c >&5
configure:4000: $? = 0
configure:4000: result: yes
configure:4015: checking errno.h usability
configure:4015: gcc -c -g -O2  conftest.c >&5
configure:4015: $? = 0
configure:4015: result: yes
configure:4015: checking errno.h presence
configure:4015: gcc -E  conftest.c
configure:4015: $? = 0
configure:4015: result: yes
configure:4015: checking for errno.h
configure:4015: result: yes
configure:4015: checking fcntl.h usability
configure:4015: gcc -c -g -O2  conftest.c >&5
configure:4015: $? = 0
configure:4015: result: yes
configure:4015: checking fcntl.h presence
configure:4015: gcc -E  conftest.c
configure:4015: $? = 0
configure:4015: result: yes
configure:4015: checking for fcntl.h
configure:4015: result: yes
configure:4015: checking for inttypes.h
configure:4015: result: yes
configure:4015: checking netinet/in.h usability
configure:4015: gcc -c -g -O2  conftest.c >&5
configure:4015: $? = 0
configure:4015: result: yes
configure:4015: checking netinet/in.h presence
configure:4015: gcc -E  conftest.c
configure:4015: $? = 0
configure:4015: result: yes
configure:4015: checking for netinet/in.h
configure:4015: result: yes
configure:4015: checking for stdlib.h
configure:4015: result: yes
configure:4015: checking for string.h
configure:4015: result: yes
configure:4015: checking sys/ioctl.h usability
configure:4015: gcc -c -g -O2  conftest.c >&5
configure:4015: $? = 0
configure:4015: result: yes
configure:4015: checking sys/ioctl.h presence
configure:4015: gcc -E  conftest.c
configure:4015: $? = 0
configure:4015: result: yes
configure:4015: checking for sys/ioctl.h
configure:4015: result: yes
configure:4015: checking for unistd.h
configure:4015: result: yes
configure:4025: checking scsi/sg.h usability
configure:4025: gcc -c -g -O2  conftest.c >&5
configure:4025: $? = 0
configure:4025: result: yes
configure:4025: checking scsi/sg.h presence
configure:4025: gcc -E  conftest.c
configure:4025: $? = 0
configure:4025: result: yes
configure:4025: checking for scsi/sg.h
configure:4025: result: yes
configure:4036: checking scsi/scsi.h usability
configure:4036: gcc -c -g -O2  conftest.c >&5
configure:4036: $? = 0
configure:4036: result: yes
configure:4036: checking scsi/scsi.h presence
configure:4036: gcc -E  conftest.c
configure:4036: $? = 0
configure:4036: result: yes
configure:4036: checking for scsi/scsi.h
configure:4036: result: yes
configure:4044: checking linux/cciss_ioctl.h usability
configure:4044: gcc -c -g -O2  conftest.c >&5
configure:4044: $? = 0
configure:4044: result: yes
configure:4044: checking linux/cciss_ioctl.h presence
configure:4044: gcc -E  conftest.c
configure:4044: $? = 0
configure:4044: result: yes
configure:4044: checking for linux/cciss_ioctl.h
configure:4044: result: yes
configure:4052: checking /usr/src/sys/dev/ciss/cissio.h usability
configure:4052: gcc -c -g -O2  conftest.c >&5
conftest.c:65:42: fatal error: /usr/src/sys/dev/ciss/cissio.h: No such file or directory
compilation terminated.
configure:4052: $? = 1
configure: failed program was:
| /* confdefs.h */
| #define PACKAGE_NAME "cciss_vol_status"
| #define PACKAGE_TARNAME "cciss_vol_status"
| #define PACKAGE_VERSION "1.10"
| #define PACKAGE_STRING "cciss_vol_status 1.10"
| #define PACKAGE_BUGREPORT "smcameron@users.sourceforge.net"
| #define PACKAGE_URL ""
| #define PACKAGE "cciss_vol_status"
| #define VERSION "1.10"
| #define STDC_HEADERS 1
| #define HAVE_SYS_TYPES_H 1
| #define HAVE_SYS_STAT_H 1
| #define HAVE_STDLIB_H 1
| #define HAVE_STRING_H 1
| #define HAVE_MEMORY_H 1
| #define HAVE_STRINGS_H 1
| #define HAVE_INTTYPES_H 1
| #define HAVE_STDINT_H 1
| #define HAVE_UNISTD_H 1
| #define HAVE_ERRNO_H 1
| #define HAVE_FCNTL_H 1
| #define HAVE_INTTYPES_H 1
| #define HAVE_NETINET_IN_H 1
| #define HAVE_STDLIB_H 1
| #define HAVE_STRING_H 1
| #define HAVE_SYS_IOCTL_H 1
| #define HAVE_UNISTD_H 1
| #define HAVE_SCSI_SG_H 1
| #define HAVE_SCSI_SCSI_H 1
| #define HAVE_LINUX_CCISS_IOCTL_H 1
| /* end confdefs.h.  */
| #include <stdio.h>
| #ifdef HAVE_SYS_TYPES_H
| # include <sys/types.h>
| #endif
| #ifdef HAVE_SYS_STAT_H
| # include <sys/stat.h>
| #endif
| #ifdef STDC_HEADERS
| # include <stdlib.h>
| # include <stddef.h>
| #else
| # ifdef HAVE_STDLIB_H
| #  include <stdlib.h>
| # endif
| #endif
| #ifdef HAVE_STRING_H
| # if !defined STDC_HEADERS && defined HAVE_MEMORY_H
| #  include <memory.h>
| # endif
| # include <string.h>
| #endif
| #ifdef HAVE_STRINGS_H
| # include <strings.h>
| #endif
| #ifdef HAVE_INTTYPES_H
| # include <inttypes.h>
| #endif
| #ifdef HAVE_STDINT_H
| # include <stdint.h>
| #endif
| #ifdef HAVE_UNISTD_H
| # include <unistd.h>
| #endif
| #include </usr/src/sys/dev/ciss/cissio.h>
configure:4052: result: no
configure:4052: checking /usr/src/sys/dev/ciss/cissio.h presence
configure:4052: gcc -E  conftest.c
conftest.c:32:42: fatal error: /usr/src/sys/dev/ciss/cissio.h: No such file or directory
compilation terminated.
configure:4052: $? = 1
configure: failed program was:
| /* confdefs.h */
| #define PACKAGE_NAME "cciss_vol_status"
| #define PACKAGE_TARNAME "cciss_vol_status"
| #define PACKAGE_VERSION "1.10"
| #define PACKAGE_STRING "cciss_vol_status 1.10"
| #define PACKAGE_BUGREPORT "smcameron@users.sourceforge.net"
| #define PACKAGE_URL ""
| #define PACKAGE "cciss_vol_status"
| #define VERSION "1.10"
| #define STDC_HEADERS 1
| #define HAVE_SYS_TYPES_H 1
| #define HAVE_SYS_STAT_H 1
| #define HAVE_STDLIB_H 1
| #define HAVE_STRING_H 1
| #define HAVE_MEMORY_H 1
| #define HAVE_STRINGS_H 1
| #define HAVE_INTTYPES_H 1
| #define HAVE_STDINT_H 1
| #define HAVE_UNISTD_H 1
| #define HAVE_ERRNO_H 1
| #define HAVE_FCNTL_H 1
| #define HAVE_INTTYPES_H 1
| #define HAVE_NETINET_IN_H 1
| #define HAVE_STDLIB_H 1
| #define HAVE_STRING_H 1
| #define HAVE_SYS_IOCTL_H 1
| #define HAVE_UNISTD_H 1
| #define HAVE_SCSI_SG_H 1
| #define HAVE_SCSI_SCSI_H 1
| #define HAVE_LINUX_CCISS_IOCTL_H 1
| /* end confdefs.h.  */
| #include </usr/src/sys/dev/ciss/cissio.h>
configure:4052: result: no
configure:4052: checking for /usr/src/sys/dev/ciss/cissio.h
configure:4052: result: no
configure:4062: checking for an ANSI C-conforming const
configure:4127: gcc -c -g -O2  conftest.c >&5
configure:4127: $? = 0
configure:4134: result: yes
configure:4145: checking whether gcc needs -traditional
configure:4179: result: no
configure:4188: checking for stdlib.h
configure:4188: result: yes
configure:4198: checking for GNU libc compatible malloc
configure:4222: gcc -o conftest -g -O2   conftest.c  >&5
configure:4222: $? = 0
configure:4222: ./conftest
configure:4222: $? = 0
configure:4232: result: yes
configure:4253: checking for getopt
configure:4253: gcc -o conftest -g -O2   conftest.c  >&5
configure:4253: $? = 0
configure:4253: result: yes
configure:4258: checking for getopt_long
configure:4258: gcc -o conftest -g -O2   conftest.c  >&5
configure:4258: $? = 0
configure:4258: result: yes
configure:4266: checking for memset
configure:4266: gcc -o conftest -g -O2   conftest.c  >&5
conftest.c:57:6: warning: conflicting types for built-in function 'memset' [enabled by default]
configure:4266: $? = 0
configure:4266: result: yes
configure:4266: checking for strerror
configure:4266: gcc -o conftest -g -O2   conftest.c  >&5
configure:4266: $? = 0
configure:4266: result: yes
configure:4266: checking for strstr
configure:4266: gcc -o conftest -g -O2   conftest.c  >&5
conftest.c:59:6: warning: conflicting types for built-in function 'strstr' [enabled by default]
configure:4266: $? = 0
configure:4266: result: yes
configure:4408: creating ./config.status

## ---------------- ##
## Cache variables. ##
## ---------------- ##

ac_cv_c_compiler_gnu=yes
ac_cv_c_const=yes
ac_cv_env_CC_set=
ac_cv_env_CC_value=
ac_cv_env_CFLAGS_set=
ac_cv_env_CFLAGS_value=
ac_cv_env_CPPFLAGS_set=
ac_cv_env_CPPFLAGS_value=
ac_cv_env_CPP_set=
ac_cv_env_CPP_value=
ac_cv_env_LDFLAGS_set=
ac_cv_env_LDFLAGS_value=
ac_cv_env_LIBS_set=
ac_cv_env_LIBS_value=
ac_cv_env_build_alias_set=
ac_cv_env_build_alias_value=
ac_cv_env_host_alias_set=
ac_cv_env_host_alias_value=
ac_cv_env_target_alias_set=
ac_cv_env_target_alias_value=
ac_cv_func_getopt=yes
ac_cv_func_getopt_long=yes
ac_cv_func_malloc_0_nonnull=yes
ac_cv_func_memset=yes
ac_cv_func_strerror=yes
ac_cv_func_strstr=yes
ac_cv_header__usr_src_sys_dev_ciss_cissio_h=no
ac_cv_header_errno_h=yes
ac_cv_header_fcntl_h=yes
ac_cv_header_inttypes_h=yes
ac_cv_header_linux_cciss_ioctl_h=yes
ac_cv_header_memory_h=yes
ac_cv_header_netinet_in_h=yes
ac_cv_header_scsi_scsi_h=yes
ac_cv_header_scsi_sg_h=yes
ac_cv_header_stdc=yes
ac_cv_header_stdint_h=yes
ac_cv_header_stdlib_h=yes
ac_cv_header_string_h=yes
ac_cv_header_strings_h=yes
ac_cv_header_sys_ioctl_h=yes
ac_cv_header_sys_stat_h=yes
ac_cv_header_sys_types_h=yes
ac_cv_header_unistd_h=yes
ac_cv_objext=o
ac_cv_path_EGREP='/bin/grep -E'
ac_cv_path_GREP=/bin/grep
ac_cv_path_install='/usr/bin/install -c'
ac_cv_path_mkdir=/bin/mkdir
ac_cv_prog_AWK=gawk
ac_cv_prog_CPP='gcc -E'
ac_cv_prog_ac_ct_CC=gcc
ac_cv_prog_cc_c89=
ac_cv_prog_cc_g=yes
ac_cv_prog_gcc_traditional=no
ac_cv_prog_make_make_set=yes
am_cv_CC_dependencies_compiler_type=gcc3

## ----------------- ##
## Output variables. ##
## ----------------- ##

ACLOCAL='${SHELL} /home/geoff/Projects/armt/cciss/cciss_vol_status-1.10/missing --run aclocal-1.11'
AMDEPBACKSLASH='\'
AMDEP_FALSE='#'
AMDEP_TRUE=''
AMTAR='$${TAR-tar}'
AUTOCONF='${SHELL} /home/geoff/Projects/armt/cciss/cciss_vol_status-1.10/missing --run autoconf'
AUTOHEADER='${SHELL} /home/geoff/Projects/armt/cciss/cciss_vol_status-1.10/missing --run autoheader'
AUTOMAKE='${SHELL} /home/geoff/Projects/armt/cciss/cciss_vol_status-1.10/missing --run automake-1.11'
AWK='gawk'
CC='gcc'
CCDEPMODE='depmode=gcc3'
CFLAGS='-g -O2'
CPP='gcc -E'
CPPFLAGS=''
CYGPATH_W='echo'
DEFS='-DHAVE_CONFIG_H'
DEPDIR='.deps'
ECHO_C=''
ECHO_N='-n'
ECHO_T=''
EGREP='/bin/grep -E'
EXEEXT=''
GREP='/bin/grep'
INSTALL_DATA='${INSTALL} -m 644'
INSTALL_PROGRAM='${INSTALL}'
INSTALL_SCRIPT='${INSTALL}'
INSTALL_STRIP_PROGRAM='$(install_sh) -c -s'
LDFLAGS=''
LIBOBJS=''
LIBS=''
LTLIBOBJS=''
MAKEINFO='${SHELL} /home/geoff/Projects/armt/cciss/cciss_vol_status-1.10/missing --run makeinfo'
MKDIR_P='/bin/mkdir -p'
OBJEXT='o'
PACKAGE='cciss_vol_status'
PACKAGE_BUGREPORT='smcameron@users.sourceforge.net'
PACKAGE_NAME='cciss_vol_status'
PACKAGE_STRING='cciss_vol_status 1.10'
PACKAGE_TARNAME='cciss_vol_status'
PACKAGE_URL=''
PACKAGE_VERSION='1.10'
PATH_SEPARATOR=':'
SET_MAKE=''
SHELL='/bin/bash'
STRIP=''
VERSION='1.10'
ac_ct_CC='gcc'
am__EXEEXT_FALSE=''
am__EXEEXT_TRUE='#'
am__fastdepCC_FALSE='#'
am__fastdepCC_TRUE=''
am__include='include'
am__isrc=''
am__leading_dot='.'
am__nodep='_no'
am__quote=''
am__tar='$${TAR-tar} chof - "$$tardir"'
am__untar='$${TAR-tar} xf -'
bindir='${exec_prefix}/bin'
build_alias=''
datadir='${datarootdir}'
datarootdir='${prefix}/share'
docdir='${datarootdir}/doc/${PACKAGE_TARNAME}'
dvidir='${docdir}'
exec_prefix='${prefix}'
host_alias=''
htmldir='${docdir}'
includedir='${prefix}/include'
infodir='${datarootdir}/info'
install_sh='${SHELL} /home/geoff/Projects/armt/cciss/cciss_vol_status-1.10/install-sh'
libdir='${exec_prefix}/lib'
libexecdir='${exec_prefix}/libexec'
localedir='${datarootdir}/locale'
localstatedir='${prefix}/var'
mandir='${datarootdir}/man'
mkdir_p='/bin/mkdir -p'
oldincludedir='/usr/include'
pdfdir='${docdir}'
prefix='/usr/local'
program_transform_name='s,x,x,'
psdir='${docdir}'
sbindir='${exec_prefix}/sbin'
sharedstatedir='${prefix}/com'
sysconfdir='${prefix}/etc'
target_alias=''

## ----------- ##
## confdefs.h. ##
## ----------- ##

/* confdefs.h */
#define PACKAGE_NAME "cciss_vol_status"
#define PACKAGE_TARNAME "cciss_vol_status"
#define PACKAGE_VERSION "1.10"
#define PACKAGE_STRING "cciss_vol_status 1.10"
#define PACKAGE_BUGREPORT "smcameron@users.sourceforge.net"
#define PACKAGE_URL ""
#define PACKAGE "cciss_vol_status"
#define VERSION "1.10"
#define STDC_HEADERS 1
#define HAVE_SYS_TYPES_H 1
#define HAVE_SYS_STAT_H 1
#define HAVE_STDLIB_H 1
#define HAVE_STRING_H 1
#define HAVE_MEMORY_H 1
#define HAVE_STRINGS_H 1
#define HAVE_INTTYPES_H 1
#define HAVE_STDINT_H 1
#define HAVE_UNISTD_H 1
#define HAVE_ERRNO_H 1
#define HAVE_FCNTL_H 1
#define HAVE_INTTYPES_H 1
#define HAVE_NETINET_IN_H 1
#define HAVE_STDLIB_H 1
#define HAVE_STRING_H 1
#define HAVE_SYS_IOCTL_H 1
#define HAVE_UNISTD_H 1
#define HAVE_SCSI_SG_H 1
#define HAVE_SCSI_SCSI_H 1
#define HAVE_LINUX_CCISS_IOCTL_H 1
#define HAVE_STDLIB_H 1
#define HAVE_MALLOC 1
#define HAVE_MEMSET 1
#define HAVE_STRERROR 1
#define HAVE_STRSTR 1

configure: exit 0

## ---------------------- ##
## Running config.status. ##
## ---------------------- ##

This file was extended by cciss_vol_status config.status 1.10, which was
generated by GNU Autoconf 2.68.  Invocation command line was

  CONFIG_FILES    = 
  CONFIG_HEADERS  = 
  CONFIG_LINKS    = 
  CONFIG_COMMANDS = 
  $ ./config.status 

on casey

config.status:876: creating Makefile
config.status:876: creating config.h
config.status:1105: executing depfiles commands

## ---------------------- ##
## Running config.status. ##
## ---------------------- ##

This file was extended by cciss_vol_status config.status 1.10, which was
generated by GNU Autoconf 2.68.  Invocation command line was

  CONFIG_FILES    = 
  CONFIG_HEADERS  = 
  CONFIG_LINKS    = 
  CONFIG_COMMANDS = 
  $ ./config.status config.h

on casey

config.status:876: creating config.h
config.status:1057: config.h is unchanged

## ---------------------- ##
## Running config.status. ##
## ---------------------- ##

This file was extended by cciss_vol_status config.status 1.10, which was
generated by GNU Autoconf 2.68.  Invocation command line was

  CONFIG_FILES    = 
  CONFIG_HEADERS  = 
  CONFIG_LINKS    = 
  CONFIG_COMMANDS = 
  $ ./config.status Makefile depfiles

on casey

config.status:876: creating Makefile
config.status:1105: executing depfiles commands
